  Source.cpp
C:\Amra\university\Numeriacal Analysis\One-Variable Equation\One-Variable Equation\Source.cpp(7,19): warning C4305: 'initializing': truncation from 'double' to 'float'
C:\Amra\university\Numeriacal Analysis\One-Variable Equation\One-Variable Equation\Source.cpp(10,55): warning C4244: 'return': conversion from 'double' to 'float', possible loss of data
C:\Amra\university\Numeriacal Analysis\One-Variable Equation\One-Variable Equation\Source.cpp(15,41): warning C4244: 'return': conversion from 'double' to 'float', possible loss of data
C:\Amra\university\Numeriacal Analysis\One-Variable Equation\One-Variable Equation\Source.cpp(19,44): warning C4244: 'return': conversion from 'double' to 'float', possible loss of data
C:\Amra\university\Numeriacal Analysis\One-Variable Equation\One-Variable Equation\Source.cpp(24,18): warning C4244: 'initializing': conversion from 'double' to 'float', possible loss of data
C:\Amra\university\Numeriacal Analysis\One-Variable Equation\One-Variable Equation\Source.cpp(25,20): warning C4244: 'initializing': conversion from 'double' to 'float', possible loss of data
C:\Amra\university\Numeriacal Analysis\One-Variable Equation\One-Variable Equation\Source.cpp(77,22): warning C4244: 'argument': conversion from 'double' to '_Ty', possible loss of data
          with
          [
              _Ty=float
          ]
C:\Amra\university\Numeriacal Analysis\One-Variable Equation\One-Variable Equation\Source.cpp(84,23): warning C4244: 'argument': conversion from 'double' to '_Ty', possible loss of data
          with
          [
              _Ty=float
          ]
C:\Amra\university\Numeriacal Analysis\One-Variable Equation\One-Variable Equation\Source.cpp(105,22): warning C4244: 'argument': conversion from 'double' to '_Ty', possible loss of data
          with
          [
              _Ty=float
          ]
C:\Amra\university\Numeriacal Analysis\One-Variable Equation\One-Variable Equation\Source.cpp(132,22): warning C4244: 'argument': conversion from 'double' to '_Ty', possible loss of data
          with
          [
              _Ty=float
          ]
C:\Amra\university\Numeriacal Analysis\One-Variable Equation\One-Variable Equation\Source.cpp(174,22): warning C4244: 'argument': conversion from 'double' to '_Ty', possible loss of data
          with
          [
              _Ty=float
          ]
C:\Amra\university\Numeriacal Analysis\One-Variable Equation\One-Variable Equation\Source.cpp(175,6): warning C4305: '=': truncation from 'double' to 'float'
C:\Amra\university\Numeriacal Analysis\One-Variable Equation\One-Variable Equation\Source.cpp(176,6): warning C4305: '=': truncation from 'double' to 'float'
C:\Amra\university\Numeriacal Analysis\One-Variable Equation\One-Variable Equation\Source.cpp(182,23): warning C4244: 'argument': conversion from 'double' to '_Ty', possible loss of data
          with
          [
              _Ty=float
          ]
  One-Variable Equation.vcxproj -> C:\Amra\university\Numeriacal Analysis\One-Variable Equation\x64\Debug\One-Variable Equation.exe
